<?xml version="1.0" encoding="UTF-8"?>
<!-- Generated by org.testng.reporters.JUnitReportReporter -->
<testsuite name="Autotrader.ATTest" tests="6" time="10.194" ignored="0" failures="0" timestamp="12 Jul 2017 15:05:49 GMT" skipped="0" hostname="Brad" errors="0">
  <testcase name="testCarPostcode" time="8.115" classname="Autotrader.ATTest"/>
  <testcase name="testCarSearchModel" time="0.620" classname="Autotrader.ATTest"/>
  <testcase name="testCarSearchRadius" time="0.278" classname="Autotrader.ATTest"/>
  <testcase name="testCarSearchMake" time="0.563" classname="Autotrader.ATTest"/>
  <testcase name="testCarSearchMaxPrice" time="0.542" classname="Autotrader.ATTest"/>
  <testcase name="testTitle" time="0.076" classname="Autotrader.ATTest"/>
</testsuite> <!-- Autotrader.ATTest -->
